E, [2015-08-05T17:34:23.073600 #75232] ERROR -- Kitchen: ------Exception-------
E, [2015-08-05T17:34:23.073690 #75232] ERROR -- Kitchen: Class: Kitchen::UserError
E, [2015-08-05T17:34:23.073745 #75232] ERROR -- Kitchen: Message: Kitchen YAML file /Users/wfisher/gits/gina-catalog/.kitchen.yml does not exist.
E, [2015-08-05T17:34:23.073778 #75232] ERROR -- Kitchen: ------Backtrace-------
E, [2015-08-05T17:34:23.073793 #75232] ERROR -- Kitchen: /opt/chefdk/embedded/apps/test-kitchen/lib/kitchen/loader/yaml.rb:74:in `read'
E, [2015-08-05T17:34:23.073817 #75232] ERROR -- Kitchen: /opt/chefdk/embedded/apps/test-kitchen/lib/kitchen/config.rb:145:in `data'
E, [2015-08-05T17:34:23.073830 #75232] ERROR -- Kitchen: /opt/chefdk/embedded/apps/test-kitchen/lib/kitchen/config.rb:124:in `suites'
E, [2015-08-05T17:34:23.073843 #75232] ERROR -- Kitchen: /opt/chefdk/embedded/apps/test-kitchen/lib/kitchen/config.rb:175:in `filter_instances'
E, [2015-08-05T17:34:23.073855 #75232] ERROR -- Kitchen: /opt/chefdk/embedded/apps/test-kitchen/lib/kitchen/config.rb:134:in `build_instances'
E, [2015-08-05T17:34:23.073867 #75232] ERROR -- Kitchen: /opt/chefdk/embedded/apps/test-kitchen/lib/kitchen/config.rb:110:in `instances'
E, [2015-08-05T17:34:23.073879 #75232] ERROR -- Kitchen: /opt/chefdk/embedded/apps/test-kitchen/lib/kitchen/command.rb:115:in `filtered_instances'
E, [2015-08-05T17:34:23.073891 #75232] ERROR -- Kitchen: /opt/chefdk/embedded/apps/test-kitchen/lib/kitchen/command.rb:145:in `parse_subcommand'
E, [2015-08-05T17:34:23.073903 #75232] ERROR -- Kitchen: /opt/chefdk/embedded/apps/test-kitchen/lib/kitchen/command/login.rb:32:in `call'
E, [2015-08-05T17:34:23.073916 #75232] ERROR -- Kitchen: /opt/chefdk/embedded/apps/test-kitchen/lib/kitchen/cli.rb:56:in `perform'
E, [2015-08-05T17:34:23.073928 #75232] ERROR -- Kitchen: /opt/chefdk/embedded/apps/test-kitchen/lib/kitchen/cli.rb:224:in `login'
E, [2015-08-05T17:34:23.073949 #75232] ERROR -- Kitchen: /opt/chefdk/embedded/lib/ruby/gems/2.1.0/gems/thor-0.19.1/lib/thor/command.rb:27:in `run'
E, [2015-08-05T17:34:23.073962 #75232] ERROR -- Kitchen: /opt/chefdk/embedded/lib/ruby/gems/2.1.0/gems/thor-0.19.1/lib/thor/invocation.rb:126:in `invoke_command'
E, [2015-08-05T17:34:23.073974 #75232] ERROR -- Kitchen: /opt/chefdk/embedded/apps/test-kitchen/lib/kitchen/cli.rb:308:in `invoke_task'
E, [2015-08-05T17:34:23.073986 #75232] ERROR -- Kitchen: /opt/chefdk/embedded/lib/ruby/gems/2.1.0/gems/thor-0.19.1/lib/thor.rb:359:in `dispatch'
E, [2015-08-05T17:34:23.073997 #75232] ERROR -- Kitchen: /opt/chefdk/embedded/lib/ruby/gems/2.1.0/gems/thor-0.19.1/lib/thor/base.rb:440:in `start'
E, [2015-08-05T17:34:23.074009 #75232] ERROR -- Kitchen: /opt/chefdk/embedded/apps/test-kitchen/bin/kitchen:13:in `block in <top (required)>'
E, [2015-08-05T17:34:23.074023 #75232] ERROR -- Kitchen: /opt/chefdk/embedded/apps/test-kitchen/lib/kitchen/errors.rb:154:in `with_friendly_errors'
E, [2015-08-05T17:34:23.074035 #75232] ERROR -- Kitchen: /opt/chefdk/embedded/apps/test-kitchen/bin/kitchen:13:in `<top (required)>'
E, [2015-08-05T17:34:23.074047 #75232] ERROR -- Kitchen: /opt/chefdk/bin/kitchen:15:in `load'
E, [2015-08-05T17:34:23.074058 #75232] ERROR -- Kitchen: /opt/chefdk/bin/kitchen:15:in `<main>'
E, [2015-08-05T17:34:23.074068 #75232] ERROR -- Kitchen: ----------------------
